info it worked if it ends with ok
verbose cli [ 'node', '/usr/local/bin/npm', 'install', 'node.js' ]
info using npm@1.0.5
info using node@v0.4.12
verbose /usr/local/bin/node node symlink
verbose config file /Users/levid/.npmrc
verbose config file /usr/local/etc/npmrc
verbose into /Users/levid/Sites/levid_com/mobile/test [ 'node.js' ]
verbose cache add [ 'node.js', null ]
info addNamed [ 'node.js', '' ]
verbose addNamed [ null, '' ]
verbose GET node.js
verbose raw, before any munging node.js
verbose url resolving [ 'http://registry.npmjs.org/', './node.js' ]
verbose url resolved http://registry.npmjs.org/node.js
verbose url parsed { protocol: 'http:',
verbose url parsed   slashes: true,
verbose url parsed   host: 'registry.npmjs.org',
verbose url parsed   hostname: 'registry.npmjs.org',
verbose url parsed   href: 'http://registry.npmjs.org/node.js',
verbose url parsed   pathname: '/node.js' }
verbose response http://registry.npmjs.org/node.js
silly chunk {"error":"not_found","reason":"document not found"}
silly chunk 
silly get cb [ 404,
silly get cb   { server: 'CouchDB/1.2.0 (Erlang OTP/R15B)',
silly get cb     date: 'Mon, 16 Apr 2012 11:08:34 GMT',
silly get cb     'content-type': 'application/json',
silly get cb     'content-length': '52',
silly get cb     'cache-control': 'must-revalidate' } ]
ERR! 404 'node.js' is not in the npm registry.
ERR! 404 You should bug the author to publish it.
ERR! 404 Note that you can also install from a tarball or folder.
ERR! 
ERR! System Darwin 10.8.0
ERR! command "node" "/usr/local/bin/npm" "install" "node.js"
verbose exit [ 1, true ]
